<?xml version="1.0" encoding="UTF-8"?>
<testng-results skipped="0" failed="0" total="1" passed="1">
  <reporter-output>
  </reporter-output>
  <suite name="Default suite" duration-ms="5579" started-at="2016-11-17T16:27:38Z" finished-at="2016-11-17T16:27:44Z">
    <groups>
    </groups>
    <test name="Default test" duration-ms="5579" started-at="2016-11-17T16:27:38Z" finished-at="2016-11-17T16:27:44Z">
      <class name="testcases.VerifyValidLogin">
        <test-method status="PASS" signature="checkValidUser()[pri:0, instance:testcases.VerifyValidLogin@3a82f6ef]" name="checkValidUser" duration-ms="5565" started-at="2016-11-17T16:27:38Z" finished-at="2016-11-17T16:27:44Z">
          <reporter-output>
          </reporter-output>
        </test-method> <!-- checkValidUser -->
      </class> <!-- testcases.VerifyValidLogin -->
    </test> <!-- Default test -->
  </suite> <!-- Default suite -->
</testng-results>
